<?xml version="1.0" encoding="UTF-8"?>
<testng-results ignored="0" total="1" passed="1" failed="0" skipped="0">
  <reporter-output>
  </reporter-output>
  <suite started-at="2021-12-27T12:22:10 IST" name="Default suite" finished-at="2021-12-27T12:22:54 IST" duration-ms="44916">
    <groups>
    </groups>
    <test started-at="2021-12-27T12:22:10 IST" name="Default test" finished-at="2021-12-27T12:22:54 IST" duration-ms="44916">
      <class name="testCase.Tc_002_HRM_Login">
        <test-method is-config="true" signature="start()[pri:0, instance:testCase.Tc_002_HRM_Login@2145b572]" started-at="2021-12-27T12:22:10 IST" name="start" finished-at="2021-12-27T12:22:18 IST" duration-ms="8574" status="PASS">
          <reporter-output>
          </reporter-output>
        </test-method> <!-- start -->
        <test-method signature="logic()[pri:0, instance:testCase.Tc_002_HRM_Login@2145b572]" started-at="2021-12-27T12:22:18 IST" name="logic" finished-at="2021-12-27T12:22:49 IST" duration-ms="31047" status="PASS">
          <reporter-output>
          </reporter-output>
        </test-method> <!-- logic -->
        <test-method is-config="true" signature="endTest()[pri:0, instance:testCase.Tc_002_HRM_Login@2145b572]" started-at="2021-12-27T12:22:49 IST" name="endTest" finished-at="2021-12-27T12:22:54 IST" duration-ms="5221" status="PASS">
          <reporter-output>
          </reporter-output>
        </test-method> <!-- endTest -->
      </class> <!-- testCase.Tc_002_HRM_Login -->
    </test> <!-- Default test -->
  </suite> <!-- Default suite -->
</testng-results>
